This is pdfTeX, Version 3.14159265-2.6-1.40.16 (TeX Live 2015/Debian) (preloaded format=pdflatex 2015.12.18)  30 MAR 2016 12:01
entering extended mode
 restricted \write18 enabled.
 %&-line parsing enabled.
**tesi.tex
(./tesi.tex
LaTeX2e <2015/01/01>
Babel <3.9l> and hyphenation patterns for 79 languages loaded.
(/usr/share/texlive/texmf-dist/tex/latex/base/book.cls
Document Class: book 2014/09/29 v1.4h Standard LaTeX document class
(/usr/share/texlive/texmf-dist/tex/latex/base/bk10.clo
File: bk10.clo 2014/09/29 v1.4h Standard LaTeX file (size option)
)
\c@part=\count79
\c@chapter=\count80
\c@section=\count81
\c@subsection=\count82
\c@subsubsection=\count83
\c@paragraph=\count84
\c@subparagraph=\count85
\c@figure=\count86
\c@table=\count87
\abovecaptionskip=\skip41
\belowcaptionskip=\skip42
\bibindent=\dimen102
)
(/usr/share/texlive/texmf-dist/tex/latex/base/inputenc.sty
Package: inputenc 2015/03/17 v1.2c Input encoding file
\inpenc@prehook=\toks14
\inpenc@posthook=\toks15

(/usr/share/texlive/texmf-dist/tex/latex/base/utf8.def
File: utf8.def 2014/09/29 v1.1m UTF-8 support for inputenc
Now handling font encoding OML ...
... no UTF-8 mapping file for font encoding OML
Now handling font encoding T1 ...
... processing UTF-8 mapping file for font encoding T1

(/usr/share/texlive/texmf-dist/tex/latex/base/t1enc.dfu
File: t1enc.dfu 2014/09/29 v1.1m UTF-8 support for inputenc
   defining Unicode char U+00A1 (decimal 161)
   defining Unicode char U+00A3 (decimal 163)
   defining Unicode char U+00AB (decimal 171)
   defining Unicode char U+00BB (decimal 187)
   defining Unicode char U+00BF (decimal 191)
   defining Unicode char U+00C0 (decimal 192)
   defining Unicode char U+00C1 (decimal 193)
   defining Unicode char U+00C2 (decimal 194)
   defining Unicode char U+00C3 (decimal 195)
   defining Unicode char U+00C4 (decimal 196)
   defining Unicode char U+00C5 (decimal 197)
   defining Unicode char U+00C6 (decimal 198)
   defining Unicode char U+00C7 (decimal 199)
   defining Unicode char U+00C8 (decimal 200)
   defining Unicode char U+00C9 (decimal 201)
   defining Unicode char U+00CA (decimal 202)
   defining Unicode char U+00CB (decimal 203)
   defining Unicode char U+00CC (decimal 204)
   defining Unicode char U+00CD (decimal 205)
   defining Unicode char U+00CE (decimal 206)
   defining Unicode char U+00CF (decimal 207)
   defining Unicode char U+00D0 (decimal 208)
   defining Unicode char U+00D1 (decimal 209)
   defining Unicode char U+00D2 (decimal 210)
   defining Unicode char U+00D3 (decimal 211)
   defining Unicode char U+00D4 (decimal 212)
   defining Unicode char U+00D5 (decimal 213)
   defining Unicode char U+00D6 (decimal 214)
   defining Unicode char U+00D8 (decimal 216)
   defining Unicode char U+00D9 (decimal 217)
   defining Unicode char U+00DA (decimal 218)
   defining Unicode char U+00DB (decimal 219)
   defining Unicode char U+00DC (decimal 220)
   defining Unicode char U+00DD (decimal 221)
   defining Unicode char U+00DE (decimal 222)
   defining Unicode char U+00DF (decimal 223)
   defining Unicode char U+00E0 (decimal 224)
   defining Unicode char U+00E1 (decimal 225)
   defining Unicode char U+00E2 (decimal 226)
   defining Unicode char U+00E3 (decimal 227)
   defining Unicode char U+00E4 (decimal 228)
   defining Unicode char U+00E5 (decimal 229)
   defining Unicode char U+00E6 (decimal 230)
   defining Unicode char U+00E7 (decimal 231)
   defining Unicode char U+00E8 (decimal 232)
   defining Unicode char U+00E9 (decimal 233)
   defining Unicode char U+00EA (decimal 234)
   defining Unicode char U+00EB (decimal 235)
   defining Unicode char U+00EC (decimal 236)
   defining Unicode char U+00ED (decimal 237)
   defining Unicode char U+00EE (decimal 238)
   defining Unicode char U+00EF (decimal 239)
   defining Unicode char U+00F0 (decimal 240)
   defining Unicode char U+00F1 (decimal 241)
   defining Unicode char U+00F2 (decimal 242)
   defining Unicode char U+00F3 (decimal 243)
   defining Unicode char U+00F4 (decimal 244)
   defining Unicode char U+00F5 (decimal 245)
   defining Unicode char U+00F6 (decimal 246)
   defining Unicode char U+00F8 (decimal 248)
   defining Unicode char U+00F9 (decimal 249)
   defining Unicode char U+00FA (decimal 250)
   defining Unicode char U+00FB (decimal 251)
   defining Unicode char U+00FC (decimal 252)
   defining Unicode char U+00FD (decimal 253)
   defining Unicode char U+00FE (decimal 254)
   defining Unicode char U+00FF (decimal 255)
   defining Unicode char U+0102 (decimal 258)
   defining Unicode char U+0103 (decimal 259)
   defining Unicode char U+0104 (decimal 260)
   defining Unicode char U+0105 (decimal 261)
   defining Unicode char U+0106 (decimal 262)
   defining Unicode char U+0107 (decimal 263)
   defining Unicode char U+010C (decimal 268)
   defining Unicode char U+010D (decimal 269)
   defining Unicode char U+010E (decimal 270)
   defining Unicode char U+010F (decimal 271)
   defining Unicode char U+0110 (decimal 272)
   defining Unicode char U+0111 (decimal 273)
   defining Unicode char U+0118 (decimal 280)
   defining Unicode char U+0119 (decimal 281)
   defining Unicode char U+011A (decimal 282)
   defining Unicode char U+011B (decimal 283)
   defining Unicode char U+011E (decimal 286)
   defining Unicode char U+011F (decimal 287)
   defining Unicode char U+0130 (decimal 304)
   defining Unicode char U+0131 (decimal 305)
   defining Unicode char U+0132 (decimal 306)
   defining Unicode char U+0133 (decimal 307)
   defining Unicode char U+0139 (decimal 313)
   defining Unicode char U+013A (decimal 314)
   defining Unicode char U+013D (decimal 317)
   defining Unicode char U+013E (decimal 318)
   defining Unicode char U+0141 (decimal 321)
   defining Unicode char U+0142 (decimal 322)
   defining Unicode char U+0143 (decimal 323)
   defining Unicode char U+0144 (decimal 324)
   defining Unicode char U+0147 (decimal 327)
   defining Unicode char U+0148 (decimal 328)
   defining Unicode char U+014A (decimal 330)
   defining Unicode char U+014B (decimal 331)
   defining Unicode char U+0150 (decimal 336)
   defining Unicode char U+0151 (decimal 337)
   defining Unicode char U+0152 (decimal 338)
   defining Unicode char U+0153 (decimal 339)
   defining Unicode char U+0154 (decimal 340)
   defining Unicode char U+0155 (decimal 341)
   defining Unicode char U+0158 (decimal 344)
   defining Unicode char U+0159 (decimal 345)
   defining Unicode char U+015A (decimal 346)
   defining Unicode char U+015B (decimal 347)
   defining Unicode char U+015E (decimal 350)
   defining Unicode char U+015F (decimal 351)
   defining Unicode char U+0160 (decimal 352)
   defining Unicode char U+0161 (decimal 353)
   defining Unicode char U+0162 (decimal 354)
   defining Unicode char U+0163 (decimal 355)
   defining Unicode char U+0164 (decimal 356)
   defining Unicode char U+0165 (decimal 357)
   defining Unicode char U+016E (decimal 366)
   defining Unicode char U+016F (decimal 367)
   defining Unicode char U+0170 (decimal 368)
   defining Unicode char U+0171 (decimal 369)
   defining Unicode char U+0178 (decimal 376)
   defining Unicode char U+0179 (decimal 377)
   defining Unicode char U+017A (decimal 378)
   defining Unicode char U+017B (decimal 379)
   defining Unicode char U+017C (decimal 380)
   defining Unicode char U+017D (decimal 381)
   defining Unicode char U+017E (decimal 382)
   defining Unicode char U+200C (decimal 8204)
   defining Unicode char U+2013 (decimal 8211)
   defining Unicode char U+2014 (decimal 8212)
   defining Unicode char U+2018 (decimal 8216)
   defining Unicode char U+2019 (decimal 8217)
   defining Unicode char U+201A (decimal 8218)
   defining Unicode char U+201C (decimal 8220)
   defining Unicode char U+201D (decimal 8221)
   defining Unicode char U+201E (decimal 8222)
   defining Unicode char U+2030 (decimal 8240)
   defining Unicode char U+2031 (decimal 8241)
   defining Unicode char U+2039 (decimal 8249)
   defining Unicode char U+203A (decimal 8250)
   defining Unicode char U+2423 (decimal 9251)
)
Now handling font encoding OT1 ...
... processing UTF-8 mapping file for font encoding OT1

(/usr/share/texlive/texmf-dist/tex/latex/base/ot1enc.dfu
File: ot1enc.dfu 2014/09/29 v1.1m UTF-8 support for inputenc
   defining Unicode char U+00A1 (decimal 161)
   defining Unicode char U+00A3 (decimal 163)
   defining Unicode char U+00B8 (decimal 184)
   defining Unicode char U+00BF (decimal 191)
   defining Unicode char U+00C5 (decimal 197)
   defining Unicode char U+00C6 (decimal 198)
   defining Unicode char U+00D8 (decimal 216)
   defining Unicode char U+00DF (decimal 223)
   defining Unicode char U+00E6 (decimal 230)
   defining Unicode char U+00EC (decimal 236)
   defining Unicode char U+00ED (decimal 237)
   defining Unicode char U+00EE (decimal 238)
   defining Unicode char U+00EF (decimal 239)
   defining Unicode char U+00F8 (decimal 248)
   defining Unicode char U+0131 (decimal 305)
   defining Unicode char U+0141 (decimal 321)
   defining Unicode char U+0142 (decimal 322)
   defining Unicode char U+0152 (decimal 338)
   defining Unicode char U+0153 (decimal 339)
   defining Unicode char U+2013 (decimal 8211)
   defining Unicode char U+2014 (decimal 8212)
   defining Unicode char U+2018 (decimal 8216)
   defining Unicode char U+2019 (decimal 8217)
   defining Unicode char U+201C (decimal 8220)
   defining Unicode char U+201D (decimal 8221)
)
Now handling font encoding OMS ...
... processing UTF-8 mapping file for font encoding OMS

(/usr/share/texlive/texmf-dist/tex/latex/base/omsenc.dfu
File: omsenc.dfu 2014/09/29 v1.1m UTF-8 support for inputenc
   defining Unicode char U+00A7 (decimal 167)
   defining Unicode char U+00B6 (decimal 182)
   defining Unicode char U+00B7 (decimal 183)
   defining Unicode char U+2020 (decimal 8224)
   defining Unicode char U+2021 (decimal 8225)
   defining Unicode char U+2022 (decimal 8226)
)
Now handling font encoding OMX ...
... no UTF-8 mapping file for font encoding OMX
Now handling font encoding U ...
... no UTF-8 mapping file for font encoding U
   defining Unicode char U+00A9 (decimal 169)
   defining Unicode char U+00AA (decimal 170)
   defining Unicode char U+00AE (decimal 174)
   defining Unicode char U+00BA (decimal 186)
   defining Unicode char U+02C6 (decimal 710)
   defining Unicode char U+02DC (decimal 732)
   defining Unicode char U+200C (decimal 8204)
   defining Unicode char U+2026 (decimal 8230)
   defining Unicode char U+2122 (decimal 8482)
   defining Unicode char U+2423 (decimal 9251)
))
(/usr/share/texlive/texmf-dist/tex/generic/babel/babel.sty
Package: babel 2014/09/25 3.9l The Babel package

(/usr/share/texlive/texmf-dist/tex/generic/babel-english/english.ldf
Language: english 2012/08/20 v3.3p English support from the babel system

(/usr/share/texlive/texmf-dist/tex/generic/babel/babel.def
File: babel.def 2014/09/25 3.9l Babel common definitions
\babel@savecnt=\count88
\U@D=\dimen103
)
\l@canadian = a dialect from \language\l@american 
\l@australian = a dialect from \language\l@british 
\l@newzealand = a dialect from \language\l@british 
)
(/usr/share/texlive/texmf-dist/tex/generic/babel-italian/italian.ldf
Language: italian 2015/03/26 v1.3n Italian support from the babel system
\it@lettering=\count89
\it@doublequoteactive=\count90
\it@ISOcompliance=\count91
))
(/usr/share/texlive/texmf-dist/tex/latex/etoolbox/etoolbox.sty
Package: etoolbox 2015/08/02 v2.2a e-TeX tools for LaTeX (JAW)
\etb@tempcnta=\count92
)
(/usr/share/texlive/texmf-dist/tex/latex/oberdiek/bookmark.sty
Package: bookmark 2011/12/02 v1.24 PDF bookmarks (HO)

(/usr/share/texlive/texmf-dist/tex/generic/oberdiek/pdfescape.sty
Package: pdfescape 2011/11/25 v1.13 Implements pdfTeX's escape features (HO)

(/usr/share/texlive/texmf-dist/tex/generic/oberdiek/ltxcmds.sty
Package: ltxcmds 2011/11/09 v1.22 LaTeX kernel commands for general use (HO)
)
(/usr/share/texlive/texmf-dist/tex/generic/oberdiek/pdftexcmds.sty
Package: pdftexcmds 2011/11/29 v0.20 Utility functions of pdfTeX for LuaTeX (HO
)

(/usr/share/texlive/texmf-dist/tex/generic/oberdiek/infwarerr.sty
Package: infwarerr 2010/04/08 v1.3 Providing info/warning/error messages (HO)
)
(/usr/share/texlive/texmf-dist/tex/generic/oberdiek/ifluatex.sty
Package: ifluatex 2010/03/01 v1.3 Provides the ifluatex switch (HO)
Package ifluatex Info: LuaTeX not detected.
)
(/usr/share/texlive/texmf-dist/tex/generic/oberdiek/ifpdf.sty
Package: ifpdf 2011/01/30 v2.3 Provides the ifpdf switch (HO)
Package ifpdf Info: pdfTeX in PDF mode is detected.
)
Package pdftexcmds Info: LuaTeX not detected.
Package pdftexcmds Info: \pdf@primitive is available.
Package pdftexcmds Info: \pdf@ifprimitive is available.
Package pdftexcmds Info: \pdfdraftmode found.
))
(/usr/share/texlive/texmf-dist/tex/generic/ifxetex/ifxetex.sty
Package: ifxetex 2010/09/12 v0.6 Provides ifxetex conditional
)
(/usr/share/texlive/texmf-dist/tex/generic/oberdiek/ifvtex.sty
Package: ifvtex 2010/03/01 v1.5 Detect VTeX and its facilities (HO)
Package ifvtex Info: VTeX not detected.
)
(/usr/share/texlive/texmf-dist/tex/latex/hyperref/hyperref.sty
Package: hyperref 2012/11/06 v6.83m Hypertext links for LaTeX

(/usr/share/texlive/texmf-dist/tex/generic/oberdiek/hobsub-hyperref.sty
Package: hobsub-hyperref 2012/05/28 v1.13 Bundle oberdiek, subset hyperref (HO)


(/usr/share/texlive/texmf-dist/tex/generic/oberdiek/hobsub-generic.sty
Package: hobsub-generic 2012/05/28 v1.13 Bundle oberdiek, subset generic (HO)
Package: hobsub 2012/05/28 v1.13 Construct package bundles (HO)
Package hobsub Info: Skipping package `infwarerr' (already loaded).
Package hobsub Info: Skipping package `ltxcmds' (already loaded).
Package hobsub Info: Skipping package `ifluatex' (already loaded).
Package hobsub Info: Skipping package `ifvtex' (already loaded).
Package: intcalc 2007/09/27 v1.1 Expandable calculations with integers (HO)
Package hobsub Info: Skipping package `ifpdf' (already loaded).
Package: etexcmds 2011/02/16 v1.5 Avoid name clashes with e-TeX commands (HO)
Package etexcmds Info: Could not find \expanded.
(etexcmds)             That can mean that you are not using pdfTeX 1.50 or
(etexcmds)             that some package has redefined \expanded.
(etexcmds)             In the latter case, load this package earlier.
Package: kvsetkeys 2012/04/25 v1.16 Key value parser (HO)
Package: kvdefinekeys 2011/04/07 v1.3 Define keys (HO)
Package hobsub Info: Skipping package `pdftexcmds' (already loaded).
Package hobsub Info: Skipping package `pdfescape' (already loaded).
Package: bigintcalc 2012/04/08 v1.3 Expandable calculations on big integers (HO
)
Package: bitset 2011/01/30 v1.1 Handle bit-vector datatype (HO)
Package: uniquecounter 2011/01/30 v1.2 Provide unlimited unique counter (HO)
)
Package hobsub Info: Skipping package `hobsub' (already loaded).
Package: letltxmacro 2010/09/02 v1.4 Let assignment for LaTeX macros (HO)
Package: hopatch 2012/05/28 v1.2 Wrapper for package hooks (HO)
Package: xcolor-patch 2011/01/30 xcolor patch
Package: atveryend 2011/06/30 v1.8 Hooks at the very end of document (HO)
Package: atbegshi 2011/10/05 v1.16 At begin shipout hook (HO)
Package: refcount 2011/10/16 v3.4 Data extraction from label references (HO)
Package: hycolor 2011/01/30 v1.7 Color options for hyperref/bookmark (HO)
)
(/usr/share/texlive/texmf-dist/tex/latex/graphics/keyval.sty
Package: keyval 2014/10/28 v1.15 key=value parser (DPC)
\KV@toks@=\toks16
)
(/usr/share/texlive/texmf-dist/tex/latex/oberdiek/auxhook.sty
Package: auxhook 2011/03/04 v1.3 Hooks for auxiliary files (HO)
)
(/usr/share/texlive/texmf-dist/tex/latex/oberdiek/kvoptions.sty
Package: kvoptions 2011/06/30 v3.11 Key value format for package options (HO)
)
\@linkdim=\dimen104
\Hy@linkcounter=\count93
\Hy@pagecounter=\count94

(/usr/share/texlive/texmf-dist/tex/latex/hyperref/pd1enc.def
File: pd1enc.def 2012/11/06 v6.83m Hyperref: PDFDocEncoding definition (HO)
Now handling font encoding PD1 ...
... no UTF-8 mapping file for font encoding PD1
)
\Hy@SavedSpaceFactor=\count95

(/usr/share/texlive/texmf-dist/tex/latex/latexconfig/hyperref.cfg
File: hyperref.cfg 2002/06/06 v1.2 hyperref configuration of TeXLive
)
Package hyperref Info: Hyper figures OFF on input line 4443.
Package hyperref Info: Link nesting OFF on input line 4448.
Package hyperref Info: Hyper index ON on input line 4451.
Package hyperref Info: Plain pages OFF on input line 4458.
Package hyperref Info: Backreferencing OFF on input line 4463.
Package hyperref Info: Implicit mode ON; LaTeX internals redefined.
Package hyperref Info: Bookmarks ON on input line 4688.
\c@Hy@tempcnt=\count96

(/usr/share/texlive/texmf-dist/tex/latex/url/url.sty
\Urlmuskip=\muskip10
Package: url 2013/09/16  ver 3.4  Verb mode for urls, etc.
)
LaTeX Info: Redefining \url on input line 5041.
\XeTeXLinkMargin=\dimen105
\Fld@menulength=\count97
\Field@Width=\dimen106
\Fld@charsize=\dimen107
Package hyperref Info: Hyper figures OFF on input line 6295.
Package hyperref Info: Link nesting OFF on input line 6300.
Package hyperref Info: Hyper index ON on input line 6303.
Package hyperref Info: backreferencing OFF on input line 6310.
Package hyperref Info: Link coloring OFF on input line 6315.
Package hyperref Info: Link coloring with OCG OFF on input line 6320.
Package hyperref Info: PDF/A mode OFF on input line 6325.
LaTeX Info: Redefining \ref on input line 6365.
LaTeX Info: Redefining \pageref on input line 6369.
\Hy@abspage=\count98
\c@Item=\count99
\c@Hfootnote=\count100
)

Package hyperref Message: Driver (autodetected): hpdftex.

(/usr/share/texlive/texmf-dist/tex/latex/hyperref/hpdftex.def
File: hpdftex.def 2012/11/06 v6.83m Hyperref driver for pdfTeX
\Fld@listcount=\count101
\c@bookmark@seq@number=\count102

(/usr/share/texlive/texmf-dist/tex/latex/oberdiek/rerunfilecheck.sty
Package: rerunfilecheck 2011/04/15 v1.7 Rerun checks for auxiliary files (HO)
Package uniquecounter Info: New unique counter `rerunfilecheck' on input line 2
82.
)
\Hy@SectionHShift=\skip43
)
(/usr/share/texlive/texmf-dist/tex/latex/oberdiek/bkm-pdftex.def
File: bkm-pdftex.def 2011/12/02 v1.24 bookmark driver for pdfTeX (HO)
\BKM@id=\count103
))
(/usr/share/texlive/texmf-dist/tex/latex/caption/caption.sty
Package: caption 2013/05/02 v3.3-89 Customizing captions (AR)

(/usr/share/texlive/texmf-dist/tex/latex/caption/caption3.sty
Package: caption3 2013/05/02 v1.6-88 caption3 kernel (AR)
Package caption3 Info: TeX engine: e-TeX on input line 57.
\captionmargin=\dimen108
\captionmargin@=\dimen109
\captionwidth=\dimen110
\caption@tempdima=\dimen111
\caption@indent=\dimen112
\caption@parindent=\dimen113
\caption@hangindent=\dimen114
)
\c@ContinuedFloat=\count104
Package caption Info: hyperref package is loaded.
)
(/usr/share/texlive/texmf-dist/tex/latex/changepage/chngpage.sty
Package: chngpage 2009/10/20 v1.2b change page layout
\c@cp@cnt=\count105
\c@cp@tempcnt=\count106
)
(/usr/share/texlive/texmf-dist/tex/latex/tools/calc.sty
Package: calc 2014/10/28 v4.3 Infix arithmetic (KKT,FJ)
\calc@Acount=\count107
\calc@Bcount=\count108
\calc@Adimen=\dimen115
\calc@Bdimen=\dimen116
\calc@Askip=\skip44
\calc@Bskip=\skip45
LaTeX Info: Redefining \setlength on input line 80.
LaTeX Info: Redefining \addtolength on input line 81.
\calc@Ccount=\count109
\calc@Cskip=\skip46
)
(/usr/share/texlive/texmf-dist/tex/latex/csquotes/csquotes.sty
Package: csquotes 2015/07/18 v5.1f context-sensitive quotations (JAW)
\csq@reset=\count110
\csq@gtype=\count111
\csq@glevel=\count112
\csq@qlevel=\count113
\csq@maxlvl=\count114
\csq@tshold=\count115
\csq@ltx@everypar=\toks17

(/usr/share/texlive/texmf-dist/tex/latex/csquotes/csquotes.def
File: csquotes.def 2015/07/18 v5.1f csquotes generic definitions (JAW)
)
Package csquotes Info: Trying to load configuration file 'csquotes.cfg'...
Package csquotes Info: ... configuration file loaded successfully.

(/usr/share/texlive/texmf-dist/tex/latex/csquotes/csquotes.cfg
File: csquotes.cfg 
))
(/usr/share/texlive/texmf-dist/tex/latex/emptypage/emptypage.sty
Package: emptypage 2010/05/30 v1.2 Suppress page numbers and headings on empty 
pages
)
(/usr/share/texlive/texmf-dist/tex/latex/epigraph/epigraph.sty
Package: epigraph 2009/09/02 v1.5c typesetting epigraphs
\beforeepigraphskip=\skip47
\afterepigraphskip=\skip48
\epigraphwidth=\skip49
\epigraphrule=\skip50
)
(/usr/share/texlive/texmf-dist/tex/latex/eurosym/eurosym.sty
Package: eurosym 1998/08/06 v1.1 European currency symbol ``Euro''
\@eurobox=\box26
)
(/usr/share/texlive/texmf-dist/tex/latex/base/fontenc.sty
Package: fontenc 2005/09/27 v1.99g Standard LaTeX package

(/usr/share/texlive/texmf-dist/tex/latex/base/t1enc.def
File: t1enc.def 2005/09/27 v1.99g Standard LaTeX file
LaTeX Font Info:    Redeclaring font encoding T1 on input line 48.
))
(/usr/share/texlive/texmf-dist/tex/latex/graphics/graphicx.sty
Package: graphicx 2014/10/28 v1.0g Enhanced LaTeX Graphics (DPC,SPQR)

(/usr/share/texlive/texmf-dist/tex/latex/graphics/graphics.sty
Package: graphics 2014/10/28 v1.0p Standard LaTeX Graphics (DPC,SPQR)

(/usr/share/texlive/texmf-dist/tex/latex/graphics/trig.sty
Package: trig 1999/03/16 v1.09 sin cos tan (DPC)
)
(/usr/share/texlive/texmf-dist/tex/latex/latexconfig/graphics.cfg
File: graphics.cfg 2010/04/23 v1.9 graphics configuration of TeX Live
)
Package graphics Info: Driver file: pdftex.def on input line 94.

(/usr/share/texlive/texmf-dist/tex/latex/pdftex-def/pdftex.def
File: pdftex.def 2011/05/27 v0.06d Graphics/color for pdfTeX
\Gread@gobject=\count116
))
\Gin@req@height=\dimen117
\Gin@req@width=\dimen118
)
(/usr/share/texlive/texmf-dist/tex/latex/layaureo/layaureo.sty
Package: layaureo 2004/09/16 v0.2

(/usr/share/texlive/texmf-dist/tex/latex/geometry/geometry.sty
Package: geometry 2010/09/12 v5.6 Page Geometry
\Gm@cnth=\count117
\Gm@cntv=\count118
\c@Gm@tempcnt=\count119
\Gm@bindingoffset=\dimen119
\Gm@wd@mp=\dimen120
\Gm@odd@mp=\dimen121
\Gm@even@mp=\dimen122
\Gm@layoutwidth=\dimen123
\Gm@layoutheight=\dimen124
\Gm@layouthoffset=\dimen125
\Gm@layoutvoffset=\dimen126
\Gm@dimlist=\toks18
)
\LA@MargineRilegatura=\skip51
\LA@LarghezzaTesto=\skip52
\LA@AltezzaTesto=\skip53
\LA@MargineSinistro=\skip54
\LA@MargineSuperiore=\skip55
)
(/usr/share/texlive/texmf-dist/tex/latex/listings/listings.sty
\lst@mode=\count120
\lst@gtempboxa=\box27
\lst@token=\toks19
\lst@length=\count121
\lst@currlwidth=\dimen127
\lst@column=\count122
\lst@pos=\count123
\lst@lostspace=\dimen128
\lst@width=\dimen129
\lst@newlines=\count124
\lst@lineno=\count125
\lst@maxwidth=\dimen130

(/usr/share/texlive/texmf-dist/tex/latex/listings/lstmisc.sty
File: lstmisc.sty 2015/06/04 1.6 (Carsten Heinz)
\c@lstnumber=\count126
\lst@skipnumbers=\count127
\lst@framebox=\box28
)
(/usr/share/texlive/texmf-dist/tex/latex/listings/listings.cfg
File: listings.cfg 2015/06/04 1.6 listings configuration
))
Package: listings 2015/06/04 1.6 (Carsten Heinz)

(/usr/share/texlive/texmf-dist/tex/latex/microtype/microtype.sty
Package: microtype 2013/05/23 v2.5a Micro-typographical refinements (RS)
\MT@toks=\toks20
\MT@count=\count128
LaTeX Info: Redefining \textls on input line 766.
\MT@outer@kern=\dimen131
LaTeX Info: Redefining \textmicrotypecontext on input line 1285.
\MT@listname@count=\count129

(/usr/share/texlive/texmf-dist/tex/latex/microtype/microtype-pdftex.def
File: microtype-pdftex.def 2013/05/23 v2.5a Definitions specific to pdftex (RS)

LaTeX Info: Redefining \lsstyle on input line 915.
LaTeX Info: Redefining \lslig on input line 915.
\MT@outer@space=\skip56
)
Package microtype Info: Loading configuration file microtype.cfg.

(/usr/share/texlive/texmf-dist/tex/latex/microtype/microtype.cfg
File: microtype.cfg 2013/05/23 v2.5a microtype main configuration file (RS)
))
(/usr/share/texlive/texmf-dist/tex/latex/mparhack/mparhack.sty
Package: mparhack 2005/04/17 v1.4 (T. Sgouros and S. Ulrich)
)
(/usr/share/texlive/texmf-dist/tex/latex/base/fixltx2e.sty
Package: fixltx2e 2015/02/21 v2.0a fixes to LaTeX (obsolete)


Package fixltx2e Warning: fixltx2e is not required with releases after 2015
(fixltx2e)                All fixes are now in the LaTeX kernel.
(fixltx2e)                See the latexrelease package for details.

) (/usr/share/texlive/texmf-dist/tex/latex/relsize/relsize.sty
Package: relsize 2013/03/29 ver 4.1
)
(/usr/share/texlive/texmf-dist/tex/latex/hyperref/nameref.sty
Package: nameref 2012/10/27 v2.43 Cross-referencing by name of section

(/usr/share/texlive/texmf-dist/tex/generic/oberdiek/gettitlestring.sty
Package: gettitlestring 2010/12/03 v1.4 Cleanup title references (HO)
)
\c@section@level=\count130
)
(/usr/share/texlive/texmf-dist/tex/latex/quoting/quoting.sty
Package: quoting 2014/01/28 v0.1c Consolidated environment for displayed text
\quo@toppartop=\skip57
)
(/usr/share/texlive/texmf-dist/tex/latex/subfig/subfig.sty
Package: subfig 2005/06/28 ver: 1.3 subfig package
\c@KVtest=\count131
\sf@farskip=\skip58
\sf@captopadj=\dimen132
\sf@capskip=\skip59
\sf@nearskip=\skip60
\c@subfigure=\count132
\c@subfigure@save=\count133
\c@lofdepth=\count134
\c@subtable=\count135
\c@subtable@save=\count136
\c@lotdepth=\count137
\sf@top=\skip61
\sf@bottom=\skip62
)
(/usr/share/texlive/texmf-dist/tex/latex/tools/varioref.sty
Package: varioref 2014/10/28 v1.5a package for extended references (FMi)
\c@vrcnt=\count138
)
(/usr/share/texlive/texmf-dist/tex/latex/xcolor/xcolor.sty
Package: xcolor 2007/01/21 v2.11 LaTeX color extensions (UK)

(/usr/share/texlive/texmf-dist/tex/latex/latexconfig/color.cfg
File: color.cfg 2007/01/18 v1.5 color configuration of teTeX/TeXLive
)
Package xcolor Info: Driver file: pdftex.def on input line 225.
Package xcolor Info: Model `cmy' substituted by `cmy0' on input line 1337.
Package xcolor Info: Model `hsb' substituted by `rgb' on input line 1341.
Package xcolor Info: Model `RGB' extended on input line 1353.
Package xcolor Info: Model `HTML' substituted by `rgb' on input line 1355.
Package xcolor Info: Model `Hsb' substituted by `hsb' on input line 1356.
Package xcolor Info: Model `tHsb' substituted by `hsb' on input line 1357.
Package xcolor Info: Model `HSB' substituted by `hsb' on input line 1358.
Package xcolor Info: Model `Gray' substituted by `gray' on input line 1359.
Package xcolor Info: Model `wave' substituted by `hsb' on input line 1360.

(/usr/share/texlive/texmf-dist/tex/latex/graphics/dvipsnam.def
File: dvipsnam.def 2014/10/14 v3.0j Driver-dependent file (DPC,SPQR)
))
(/usr/share/texlive/texmf-dist/tex/latex/booktabs/booktabs.sty
Package: booktabs 2005/04/14 v1.61803 publication quality tables
\heavyrulewidth=\dimen133
\lightrulewidth=\dimen134
\cmidrulewidth=\dimen135
\belowrulesep=\dimen136
\belowbottomsep=\dimen137
\aboverulesep=\dimen138
\abovetopsep=\dimen139
\cmidrulesep=\dimen140
\cmidrulekern=\dimen141
\defaultaddspace=\dimen142
\@cmidla=\count139
\@cmidlb=\count140
\@aboverulesep=\dimen143
\@belowrulesep=\dimen144
\@thisruleclass=\count141
\@lastruleclass=\count142
\@thisrulewidth=\dimen145
)
(/usr/share/texlive/texmf-dist/tex/latex/tools/tabularx.sty
Package: tabularx 2014/10/28 v2.10 `tabularx' package (DPC)

(/usr/share/texlive/texmf-dist/tex/latex/tools/array.sty
Package: array 2014/10/28 v2.4c Tabular extension package (FMi)
\col@sep=\dimen146
\extrarowheight=\dimen147
\NC@list=\toks21
\extratabsurround=\skip63
\backup@length=\skip64
)
\TX@col@width=\dimen148
\TX@old@table=\dimen149
\TX@old@col=\dimen150
\TX@target=\dimen151
\TX@delta=\dimen152
\TX@cols=\count143
\TX@ftn=\toks22
)
(/usr/share/texlive/texmf-dist/tex/latex/tools/longtable.sty
Package: longtable 2014/10/28 v4.11 Multi-page Table package (DPC)
\LTleft=\skip65
\LTright=\skip66
\LTpre=\skip67
\LTpost=\skip68
\LTchunksize=\count144
\LTcapwidth=\dimen153
\LT@head=\box29
\LT@firsthead=\box30
\LT@foot=\box31
\LT@lastfoot=\box32
\LT@cols=\count145
\LT@rows=\count146
\c@LT@tables=\count147
\c@LT@chunks=\count148
\LT@p@ftn=\toks23
)
(/usr/share/texlive/texmf-dist/tex/latex/carlisle/ltxtable.sty
Package: ltxtable 1995/12/11 v0.2 longtable/tabularx merge (DPC)
)
(/usr/share/texlive/texmf-dist/tex/latex/glossaries/base/glossaries.sty
Package: glossaries 2015/07/17 v4.17 (NLCT)

(/usr/share/texlive/texmf-dist/tex/latex/base/ifthen.sty
Package: ifthen 2014/09/29 v1.1c Standard LaTeX ifthen package (DPC)
)
(/usr/share/texlive/texmf-dist/tex/latex/xkeyval/xkeyval.sty
Package: xkeyval 2014/12/03 v2.7a package option processing (HA)

(/usr/share/texlive/texmf-dist/tex/generic/xkeyval/xkeyval.tex
(/usr/share/texlive/texmf-dist/tex/generic/xkeyval/xkvutils.tex
\XKV@toks=\toks24
\XKV@tempa@toks=\toks25
)
\XKV@depth=\count149
File: xkeyval.tex 2014/12/03 v2.7a key=value parser (HA)
))
(/usr/share/texlive/texmf-dist/tex/latex/glossaries/base/mfirstuc.sty
Package: mfirstuc 2015/02/03 v1.10 (NLCT)
\@glsmfirst=\toks26
\@glsmrest=\toks27
)
(/usr/share/texlive/texmf-dist/tex/latex/textcase/textcase.sty
Package: textcase 2004/10/07 v0.07 Text only upper/lower case changing (DPC)
)
(/usr/share/texlive/texmf-dist/tex/latex/xfor/xfor.sty
Package: xfor 2009/02/05 v1.05 (NLCT)
)
(/usr/share/texlive/texmf-dist/tex/latex/datatool/datatool-base.sty
Package: datatool-base 2015/07/11 v2.23 (NLCT)

(/usr/share/texlive/texmf-dist/tex/latex/amsmath/amsmath.sty
Package: amsmath 2013/01/14 v2.14 AMS math features
\@mathmargin=\skip69

For additional information on amsmath, use the `?' option.
(/usr/share/texlive/texmf-dist/tex/latex/amsmath/amstext.sty
Package: amstext 2000/06/29 v2.01

(/usr/share/texlive/texmf-dist/tex/latex/amsmath/amsgen.sty
File: amsgen.sty 1999/11/30 v2.0
\@emptytoks=\toks28
\ex@=\dimen154
))
(/usr/share/texlive/texmf-dist/tex/latex/amsmath/amsbsy.sty
Package: amsbsy 1999/11/29 v1.2d
\pmbraise@=\dimen155
)
(/usr/share/texlive/texmf-dist/tex/latex/amsmath/amsopn.sty
Package: amsopn 1999/12/14 v2.01 operator names
)
\inf@bad=\count150
LaTeX Info: Redefining \frac on input line 210.
\uproot@=\count151
\leftroot@=\count152
LaTeX Info: Redefining \overline on input line 306.
\classnum@=\count153
\DOTSCASE@=\count154
LaTeX Info: Redefining \ldots on input line 378.
LaTeX Info: Redefining \dots on input line 381.
LaTeX Info: Redefining \cdots on input line 466.
\Mathstrutbox@=\box33
\strutbox@=\box34
\big@size=\dimen156
LaTeX Font Info:    Redeclaring font encoding OML on input line 566.
LaTeX Font Info:    Redeclaring font encoding OMS on input line 567.
\macc@depth=\count155
\c@MaxMatrixCols=\count156
\dotsspace@=\muskip11
\c@parentequation=\count157
\dspbrk@lvl=\count158
\tag@help=\toks29
\row@=\count159
\column@=\count160
\maxfields@=\count161
\andhelp@=\toks30
\eqnshift@=\dimen157
\alignsep@=\dimen158
\tagshift@=\dimen159
\tagwidth@=\dimen160
\totwidth@=\dimen161
\lineht@=\dimen162
\@envbody=\toks31
\multlinegap=\skip70
\multlinetaggap=\skip71
\mathdisplay@stack=\toks32
LaTeX Info: Redefining \[ on input line 2665.
LaTeX Info: Redefining \] on input line 2666.
)
(/usr/share/texlive/texmf-dist/tex/latex/substr/substr.sty
Package: substr 2009/10/20 v1.2 Handle substrings
\c@su@anzahl=\count162
)
(/usr/share/texlive/texmf-dist/tex/latex/datatool/datatool-fp.sty
Package: datatool-fp 2015/07/11 v2.23 (NLCT)

(/usr/share/texlive/texmf-dist/tex/latex/fp/fp.sty
Package: fp 1995/04/02

`Fixed Point Package', Version 0.8, April 2, 1995 (C) Michael Mehlich
(/usr/share/texlive/texmf-dist/tex/latex/fp/defpattern.sty
Package: defpattern 1994/10/12
\actioncount=\count163
)
(/usr/share/texlive/texmf-dist/tex/latex/fp/fp-basic.sty
Package: fp-basic 1996/05/13
\FP@xs=\count164
\FP@xia=\count165
\FP@xib=\count166
\FP@xfa=\count167
\FP@xfb=\count168
\FP@rega=\count169
\FP@regb=\count170
\FP@regs=\count171
\FP@times=\count172
)
(/usr/share/texlive/texmf-dist/tex/latex/fp/fp-addons.sty
Package: fp-addons 1995/03/15
)
(/usr/share/texlive/texmf-dist/tex/latex/fp/fp-snap.sty
Package: fp-snap 1995/04/05
)
(/usr/share/texlive/texmf-dist/tex/latex/fp/fp-exp.sty
Package: fp-exp 1995/04/03
)
(/usr/share/texlive/texmf-dist/tex/latex/fp/fp-trigo.sty
Package: fp-trigo 1995/04/14
)
(/usr/share/texlive/texmf-dist/tex/latex/fp/fp-pas.sty
Package: fp-pas 1994/08/29
)
(/usr/share/texlive/texmf-dist/tex/latex/fp/fp-random.sty
Package: fp-random 1995/02/23
\FPseed=\count173
)
(/usr/share/texlive/texmf-dist/tex/latex/fp/fp-eqn.sty
Package: fp-eqn 1995/04/03
)
(/usr/share/texlive/texmf-dist/tex/latex/fp/fp-upn.sty
Package: fp-upn 1996/10/21
)
(/usr/share/texlive/texmf-dist/tex/latex/fp/fp-eval.sty
Package: fp-eval 1995/04/03
)))
\@dtl@toks=\toks33
\@dtl@tmpcount=\count174
\dtl@tmplength=\skip72
\dtl@sortresult=\count175
\@dtl@numgrpsepcount=\count176
\@dtl@datatype=\count177
\dtl@codeA=\count178
\dtl@codeB=\count179
\@dtl@foreach@level=\count180
)
(/usr/share/texlive/texmf-dist/tex/latex/glossaries/base/glossaries-compatible-
307.sty
Package: glossaries-compatible-307 2015/07/17 v4.17 (NLCT)
) (/usr/share/texlive/texmf-dist/tex/latex/tracklang/tracklang.sty
Package: tracklang 2015/03/23 v1.2 (NLCT) Track Languages

(/usr/share/texlive/texmf-dist/tex/generic/tracklang/tracklang.tex))
(/usr/share/texlive/texmf-dist/tex/latex/beamer/translator/translator.sty
Package: translator 2010/06/12 ver 1.10

(/usr/share/texlive/texmf-dist/tex/latex/beamer/translator/translator-language-
mappings.tex))
(/usr/share/texlive/texmf-dist/tex/latex/glossaries-english/glossaries-english.
ldf
File: glossaries-english.ldf 2014/11/23 v1.0
)
(/usr/share/texlive/texmf-dist/tex/latex/glossaries-italian/glossaries-italian.
ldf
File: glossaries-italian.ldf 2014/11/23 v1.0
)
\gls@level=\count181
\@gls@tmpb=\toks34
\gls@tmplen=\skip73
\glskeylisttok=\toks35
\glslabeltok=\toks36
\glsshorttok=\toks37
\glslongtok=\toks38

(/usr/share/texlive/texmf-dist/tex/latex/glossaries/styles/glossary-hypernav.st
y
Package: glossary-hypernav 2015/07/17 v4.17 (NLCT)
) (/usr/share/texlive/texmf-dist/tex/latex/glossaries/styles/glossary-list.sty
Package: glossary-list 2015/07/17 v4.17 (NLCT)
\glslistdottedwidth=\skip74
) (/usr/share/texlive/texmf-dist/tex/latex/glossaries/styles/glossary-long.sty
Package: glossary-long 2015/07/17 v4.17 (NLCT)
\glsdescwidth=\skip75
\glspagelistwidth=\skip76
) (/usr/share/texlive/texmf-dist/tex/latex/glossaries/styles/glossary-super.sty
Package: glossary-super 2015/07/17 v4.17 (NLCT)

(/usr/share/texlive/texmf-dist/tex/latex/supertabular/supertabular.sty
Package: supertabular 2004/02/20 v4.1e the supertabular environment
\c@tracingst=\count182
\ST@wd=\dimen163
\ST@rightskip=\skip77
\ST@leftskip=\skip78
\ST@parfillskip=\skip79
\ST@pageleft=\dimen164
\ST@headht=\dimen165
\ST@tailht=\dimen166
\ST@pagesofar=\dimen167
\ST@pboxht=\dimen168
\ST@lineht=\dimen169
\ST@stretchht=\dimen170
\ST@prevht=\dimen171
\ST@toadd=\dimen172
\ST@dimen=\dimen173
\ST@pbox=\box35
))
(/usr/share/texlive/texmf-dist/tex/latex/glossaries/styles/glossary-tree.sty
Package: glossary-tree 2015/07/17 v4.17 (NLCT)
\glstreeindent=\skip80
))
(/usr/share/texlive/texmf-dist/tex/latex/biblatex/biblatex.sty
Package: biblatex 2015/04/19 v3.0 programmable bibliographies (PK/JW/AB)

(/usr/share/texlive/texmf-dist/tex/latex/biblatex/biblatex2.sty
Package: biblatex2 2015/04/19 v3.0 programmable bibliographies (biber) (PK/JW/A
B)

(/usr/share/texlive/texmf-dist/tex/latex/logreq/logreq.sty
Package: logreq 2010/08/04 v1.0 xml request logger
\lrq@indent=\count183

(/usr/share/texlive/texmf-dist/tex/latex/logreq/logreq.def
File: logreq.def 2010/08/04 v1.0 logreq spec v1.0
))
\c@tabx@nest=\count184
\c@listtotal=\count185
\c@listcount=\count186
\c@liststart=\count187
\c@liststop=\count188
\c@citecount=\count189
\c@citetotal=\count190
\c@multicitecount=\count191
\c@multicitetotal=\count192
\c@instcount=\count193
\c@maxnames=\count194
\c@minnames=\count195
\c@maxitems=\count196
\c@minitems=\count197
\c@citecounter=\count198
\c@savedcitecounter=\count199
\c@uniquelist=\count200
\c@uniquename=\count201
\c@refsection=\count202
\c@refsegment=\count203
\c@maxextratitle=\count204
\c@maxextratitleyear=\count205
\c@maxextrayear=\count206
\c@maxextraalpha=\count207
\c@abbrvpenalty=\count208
\c@highnamepenalty=\count209
\c@lownamepenalty=\count210
\c@maxparens=\count211
\c@parenlevel=\count212
\blx@tempcnta=\count213
\blx@tempcntb=\count214
\blx@tempcntc=\count215
\blx@maxsection=\count216
\blx@maxsegment@0=\count217
\blx@notetype=\count218
\blx@parenlevel@text=\count219
\blx@parenlevel@foot=\count220
\blx@sectionciteorder@0=\count221
\labelnumberwidth=\skip81
\labelalphawidth=\skip82
\biblabelsep=\skip83
\bibitemsep=\skip84
\bibnamesep=\skip85
\bibinitsep=\skip86
\bibparsep=\skip87
\bibhang=\skip88
\blx@bcfin=\read1
\blx@bcfout=\write3
\c@mincomprange=\count222
\c@maxcomprange=\count223
\c@mincompwidth=\count224
Package biblatex Info: Trying to load biblatex default data model...
Package biblatex Info: ... file 'blx-dm.def' found.

(/usr/share/texlive/texmf-dist/tex/latex/biblatex/blx-dm.def)
Package biblatex Info: Trying to load biblatex style data model...
Package biblatex Info: ... file 'verbose-ibid.dbx' not found.
Package biblatex Info: Trying to load biblatex custom data model...
Package biblatex Info: ... file 'biblatex-dm.cfg' not found.
\c@afterword=\count225
\c@savedafterword=\count226
\c@annotator=\count227
\c@savedannotator=\count228
\c@author=\count229
\c@savedauthor=\count230
\c@bookauthor=\count231
\c@savedbookauthor=\count232
\c@commentator=\count233
\c@savedcommentator=\count266
\c@editor=\count267
\c@savededitor=\count268
\c@editora=\count269
\c@savededitora=\count270
\c@editorb=\count271
\c@savededitorb=\count272
\c@editorc=\count273
\c@savededitorc=\count274
\c@foreword=\count275
\c@savedforeword=\count276
\c@holder=\count277
\c@savedholder=\count278
\c@introduction=\count279
\c@savedintroduction=\count280
\c@namea=\count281
\c@savednamea=\count282
\c@nameb=\count283
\c@savednameb=\count284
\c@namec=\count285
\c@savednamec=\count286
\c@translator=\count287
\c@savedtranslator=\count288
\c@shortauthor=\count289
\c@savedshortauthor=\count290
\c@shorteditor=\count291
\c@savedshorteditor=\count292
\c@labelname=\count293
\c@savedlabelname=\count294
\c@institution=\count295
\c@savedinstitution=\count296
\c@lista=\count297
\c@savedlista=\count298
\c@listb=\count299
\c@savedlistb=\count300
\c@listc=\count301
\c@savedlistc=\count302
\c@listd=\count303
\c@savedlistd=\count304
\c@liste=\count305
\c@savedliste=\count306
\c@listf=\count307
\c@savedlistf=\count308
\c@location=\count309
\c@savedlocation=\count310
\c@organization=\count311
\c@savedorganization=\count312
\c@origlocation=\count313
\c@savedoriglocation=\count314
\c@origpublisher=\count315
\c@savedorigpublisher=\count316
\c@publisher=\count317
\c@savedpublisher=\count318
\c@language=\count319
\c@savedlanguage=\count320
\c@pageref=\count321
\c@savedpageref=\count322
\shorthandwidth=\skip89
\shortjournalwidth=\skip90
\shortserieswidth=\skip91
\shorttitlewidth=\skip92
\shortauthorwidth=\skip93
\shorteditorwidth=\skip94
Package biblatex Info: Trying to load compatibility code...
Package biblatex Info: ... file 'blx-compat.def' found.

(/usr/share/texlive/texmf-dist/tex/latex/biblatex/blx-compat.def
File: blx-compat.def 2015/04/19 v3.0 biblatex compatibility (PK/JW/AB)
)
Package biblatex Info: Trying to load generic definitions...
Package biblatex Info: ... file 'biblatex.def' found.

(/usr/share/texlive/texmf-dist/tex/latex/biblatex/biblatex.def
File: biblatex.def 
\c@textcitecount=\count323
\c@textcitetotal=\count324
\c@textcitemaxnames=\count325
\c@biburlnumpenalty=\count326
\c@biburlucpenalty=\count327
\c@biburllcpenalty=\count328
\c@smartand=\count329
)
Package biblatex Info: Trying to load bibliography style 'verbose-ibid'...
Package biblatex Info: ... file 'verbose-ibid.bbx' found.

(/usr/share/texlive/texmf-dist/tex/latex/biblatex/bbx/verbose-ibid.bbx
File: verbose-ibid.bbx 2015/04/19 v3.0 biblatex bibliography style (PK/JW/AB)
Package biblatex Info: Trying to load bibliography style 'authortitle'...
Package biblatex Info: ... file 'authortitle.bbx' found.

(/usr/share/texlive/texmf-dist/tex/latex/biblatex/bbx/authortitle.bbx
File: authortitle.bbx 2015/04/19 v3.0 biblatex bibliography style (PK/JW/AB)
Package biblatex Info: Trying to load bibliography style 'standard'...
Package biblatex Info: ... file 'standard.bbx' found.

(/usr/share/texlive/texmf-dist/tex/latex/biblatex/bbx/standard.bbx
File: standard.bbx 2015/04/19 v3.0 biblatex bibliography style (PK/JW/AB)
\c@bbx:relatedcount=\count330
\c@bbx:relatedtotal=\count331
)))
Package biblatex Info: Trying to load citation style 'verbose-ibid'...
Package biblatex Info: ... file 'verbose-ibid.cbx' found.

(/usr/share/texlive/texmf-dist/tex/latex/biblatex/cbx/verbose-ibid.cbx
File: verbose-ibid.cbx 2015/04/19 v3.0 biblatex citation style (PK/JW/AB)
Package biblatex Info: Redefining '\cite'.
Package biblatex Info: Redefining '\parencite'.
Package biblatex Info: Redefining '\footcite'.
Package biblatex Info: Redefining '\footcitetext'.
Package biblatex Info: Redefining '\smartcite'.
Package biblatex Info: Redefining '\textcite'.
Package biblatex Info: Redefining '\textcites'.
)
Package biblatex Info: Trying to load configuration file...
Package biblatex Info: ... file 'biblatex.cfg' found.

(/usr/share/texlive/texmf-dist/tex/latex/biblatex/biblatex.cfg
File: biblatex.cfg 
)))
(./tesi-config.tex (./glossario.tex)
\glswrite=\write4
\glo@main@file=\write5
\openout5 = `tesi.glo'.

Package glossaries Info: Writing glossary file tesi.glo on input line 69.
\glo@acronym@file=\write6
\openout6 = `tesi.acn'.

Package glossaries Info: Writing glossary file tesi.acn on input line 69.
Package hyperref Info: Option `colorlinks' set `true' on input line 114.
Package hyperref Info: Option `linktocpage' set `true' on input line 114.
Package hyperref Info: Option `breaklinks' set `true' on input line 114.
Package hyperref Info: Option `pageanchor' set `true' on input line 114.
Package hyperref Info: Option `plainpages' set `false' on input line 114.
Package hyperref Info: Option `bookmarksnumbered' set `true' on input line 114.

Package hyperref Info: Option `bookmarksopen' set `true' on input line 114.
Package hyperref Info: Option `hypertexnames' set `true' on input line 114.

(/usr/share/texlive/texmf-dist/tex/latex/listings/lstlang1.sty
File: lstlang1.sty 2015/06/04 1.6 listings language file
)
(/usr/share/texlive/texmf-dist/tex/latex/listings/lstlang2.sty
File: lstlang2.sty 2015/06/04 1.6 listings language file
)
(/usr/share/texlive/texmf-dist/tex/latex/listings/lstlang3.sty
File: lstlang3.sty 2015/06/04 1.6 listings language file
)
(/usr/share/texlive/texmf-dist/tex/latex/listings/lstlang1.sty
File: lstlang1.sty 2015/06/04 1.6 listings language file
)
(/usr/share/texlive/texmf-dist/tex/latex/listings/lstlang2.sty
File: lstlang2.sty 2015/06/04 1.6 listings language file
)
(/usr/share/texlive/texmf-dist/tex/latex/listings/lstlang3.sty
File: lstlang3.sty 2015/06/04 1.6 listings language file
)
(/usr/share/texlive/texmf-dist/tex/latex/listings/lstlang1.sty
File: lstlang1.sty 2015/06/04 1.6 listings language file
)
(/usr/share/texlive/texmf-dist/tex/latex/listings/lstlang2.sty
File: lstlang2.sty 2015/06/04 1.6 listings language file
)
(/usr/share/texlive/texmf-dist/tex/latex/listings/lstlang3.sty
File: lstlang3.sty 2015/06/04 1.6 listings language file
)
(/usr/share/texlive/texmf-dist/tex/latex/listings/lstmisc.sty
File: lstmisc.sty 2015/06/04 1.6 (Carsten Heinz)
)
\c@riskcounter=\count332
\c@usecasecounter=\count333
)
Package csquotes Info: Checking for multilingual support...
Package csquotes Info: ... found 'babel' package.
Package csquotes Info: Adjusting default style.
Package csquotes Info: Redefining alias 'default' -> 'italian'.
Package biblatex Info: Trying to load language 'italian'...
Package biblatex Info: ... file 'italian.lbx' found.

(/usr/share/texlive/texmf-dist/tex/latex/biblatex/lbx/italian.lbx
File: italian.lbx 2015/04/19 v3.0 biblatex localization (PK/JW/AB)
) (./tesi.aux)
\openout1 = `tesi.aux'.

LaTeX Font Info:    Checking defaults for OML/cmm/m/it on input line 98.
LaTeX Font Info:    ... okay on input line 98.
LaTeX Font Info:    Checking defaults for T1/cmr/m/n on input line 98.
LaTeX Font Info:    ... okay on input line 98.
LaTeX Font Info:    Checking defaults for OT1/cmr/m/n on input line 98.
LaTeX Font Info:    ... okay on input line 98.
LaTeX Font Info:    Checking defaults for OMS/cmsy/m/n on input line 98.
LaTeX Font Info:    ... okay on input line 98.
LaTeX Font Info:    Checking defaults for OMX/cmex/m/n on input line 98.
LaTeX Font Info:    ... okay on input line 98.
LaTeX Font Info:    Checking defaults for U/cmr/m/n on input line 98.
LaTeX Font Info:    ... okay on input line 98.
LaTeX Font Info:    Checking defaults for PD1/pdf/m/n on input line 98.
LaTeX Font Info:    ... okay on input line 98.
LaTeX Info: Redefining \it@ocap on input line 98.
LaTeX Info: Redefining \it@ccap on input line 98.
\AtBeginShipoutBox=\box36
Package hyperref Info: Link coloring ON on input line 98.
LaTeX Info: Redefining \ref on input line 98.
LaTeX Info: Redefining \pageref on input line 98.
LaTeX Info: Redefining \nameref on input line 98.
LaTeX Info: Redefining \Ref on input line 98.
Package caption Info: Begin \AtBeginDocument code.
Package caption Info: subfig package v1.3 is loaded.
Package caption Info: listings package is loaded.
Package caption Info: longtable package is loaded.
(/usr/share/texlive/texmf-dist/tex/latex/caption/ltcaption.sty
Package: ltcaption 2013/02/03 v1.3-62 longtable captions (AR)
)
Package caption Info: supertabular package is loaded.
Package caption Info: End \AtBeginDocument code.

(/usr/share/texlive/texmf-dist/tex/context/base/supp-pdf.mkii
[Loading MPS to PDF converter (version 2006.09.02).]
\scratchcounter=\count334
\scratchdimen=\dimen174
\scratchbox=\box37
\nofMPsegments=\count335
\nofMParguments=\count336
\everyMPshowfont=\toks39
\MPscratchCnt=\count337
\MPscratchDim=\dimen175
\MPnumerator=\count338
\makeMPintoPDFobject=\count339
\everyMPtoPDFconversion=\toks40
) (/usr/share/texlive/texmf-dist/tex/latex/oberdiek/epstopdf-base.sty
Package: epstopdf-base 2010/02/09 v2.5 Base part for package epstopdf

(/usr/share/texlive/texmf-dist/tex/latex/oberdiek/grfext.sty
Package: grfext 2010/08/19 v1.1 Manage graphics extensions (HO)
)
Package grfext Info: Graphics extension search list:
(grfext)             [.png,.pdf,.jpg,.mps,.jpeg,.jbig2,.jb2,.PNG,.PDF,.JPG,.JPE
G,.JBIG2,.JB2,.eps]
(grfext)             \AppendGraphicsExtensions on input line 452.

(/usr/share/texlive/texmf-dist/tex/latex/latexconfig/epstopdf-sys.cfg
File: epstopdf-sys.cfg 2010/07/13 v1.3 Configuration of (r)epstopdf for TeX Liv
e
))
*geometry* driver: auto-detecting
*geometry* detected driver: pdftex
*geometry* verbose mode - [ preamble ] result:
* driver: pdftex
* paper: a4paper
* layout: <same size as paper>
* layoutoffset:(h,v)=(0.0pt,0.0pt)
* bindingoffset: 14.22636pt
* modes: twoside 
* h-part:(L,W,R)=(86.13797pt, 372.0pt, 125.14354pt)
* v-part:(T,H,B)=(100.71263pt, 601.90594pt, 142.42827pt)
* \paperwidth=597.50787pt
* \paperheight=845.04684pt
* \textwidth=372.0pt
* \textheight=601.90594pt
* \oddsidemargin=28.09435pt
* \evensidemargin=52.87355pt
* \topmargin=-1.62485pt
* \headheight=12.0pt
* \headsep=18.06749pt
* \topskip=10.0pt
* \footskip=25.29494pt
* \marginparwidth=115.0pt
* \marginparsep=7.0pt
* \columnsep=10.0pt
* \skip\footins=9.0pt plus 4.0pt minus 2.0pt
* \hoffset=0.0pt
* \voffset=0.0pt
* \mag=1000
* \@twocolumnfalse
* \@twosidetrue
* \@mparswitchtrue
* \@reversemarginfalse
* (1in=72.27pt=25.4mm, 1cm=28.453pt)

\c@lstlisting=\count340
LaTeX Info: Redefining \microtypecontext on input line 98.
Package microtype Info: Generating PDF output.
Package microtype Info: Character protrusion enabled (level 2).
Package microtype Info: Using default protrusion set `alltext'.
Package microtype Info: Automatic font expansion enabled (level 2),
(microtype)             stretch: 20, shrink: 20, step: 1, non-selected.
Package microtype Info: Using default expansion set `basictext'.
Package microtype Info: No adjustment of tracking.
Package microtype Info: No adjustment of interword spacing.
Package microtype Info: No adjustment of character kerning.
(/usr/share/texlive/texmf-dist/tex/latex/microtype/mt-cmr.cfg
File: mt-cmr.cfg 2013/05/19 v2.2 microtype config. file: Computer Modern Roman 
(RS)
)
Package biblatex Info: Input encoding 'utf8' detected.
Package biblatex Info: Automatic encoding selection.
(biblatex)             Assuming data encoding 'utf8'.
\openout3 = `tesi.bcf'.

Package biblatex Info: Trying to load bibliographic data...
Package biblatex Info: ... file 'tesi.bbl' not found.

No file tesi.bbl.
Package biblatex Info: Reference section=0 on input line 98.
Package biblatex Info: Reference segment=0 on input line 98.
(./inizio-fine/frontespizio.tex
<immagini/logo-unipd.png, id=4, 943.525pt x 949.5475pt>
File: immagini/logo-unipd.png Graphic file (type png)

<use immagini/logo-unipd.png>
Package pdftex.def Info: immagini/logo-unipd.png used on input line 32.
(pdftex.def)             Requested size: 169.62561pt x 170.71652pt.
 [1

\openout4 = `tesi.ist'.



{/var/lib/texmf/fonts/map/pdftex/updmap/pdftex.map} <./immagini/logo-unipd.png>
]) (./inizio-fine/colophon.tex
LaTeX Font Info:    Try loading font information for OMS+cmr on input line 19.

(/usr/share/texlive/texmf-dist/tex/latex/base/omscmr.fd
File: omscmr.fd 2014/09/29 v2.5h Standard LaTeX font definitions
)
LaTeX Font Info:    Font shape `OMS/cmr/m/n' in size <10> not available
(Font)              Font shape `OMS/cmsy/m/n' tried instead on input line 19.
)
(./inizio-fine/dedica.tex [2

]) (./inizio-fine/sommario.tex [3

] [4

])
(./inizio-fine/indici.tex [5] [6

] (./tesi.toc [7

])
\tf@toc=\write7
\openout7 = `tesi.toc'.

 [8] (./tesi.lof)
\tf@lof=\write8
\openout8 = `tesi.lof'.


Underfull \vbox (badness 4001) has occurred while \output is active []

 [9

]
(./tesi.lot)
\tf@lot=\write9
\openout9 = `tesi.lot'.

 [10]) (./capitoli/capitolo-1.tex
Capitolo 1.
LaTeX Font Info:    Try loading font information for T1+cmss on input line 10.
(/usr/share/texlive/texmf-dist/tex/latex/base/t1cmss.fd
File: t1cmss.fd 2014/09/29 v2.5h Standard LaTeX font definitions
)
Package microtype Info: Loading generic settings for font family
(microtype)             `cmss' (encoding: T1).
(microtype)             For optimal results, create family-specific settings.
(microtype)             See the microtype manual for details.

Underfull \hbox (badness 10000) in paragraph at lines 10--11

 []


LaTeX Warning: Citation 'http://www.nextep.it/' on page 1 undefined on input li
ne 20.

<immagini/logo_nextep.jpg, id=256, 543.9522pt x 158.0304pt>
File: immagini/logo_nextep.jpg Graphic file (type jpg)

<use immagini/logo_nextep.jpg>
Package pdftex.def Info: immagini/logo_nextep.jpg used on input line 23.
(pdftex.def)             Requested size: 108.7885pt x 31.60551pt.
 [1




 <./immagini/logo_nextep.jpg>]
<immagini/amsi.jpg, id=276, 752.8125pt x 564.1075pt>
File: immagini/amsi.jpg Graphic file (type jpg)
 <use immagini/amsi.jpg>
Package pdftex.def Info: immagini/amsi.jpg used on input line 50.
(pdftex.def)             Requested size: 263.48831pt x 197.44057pt.

<immagini/tecnologie.png, id=279, 1027.84pt x 770.88pt>
File: immagini/tecnologie.png Graphic file (type png)

<use immagini/tecnologie.png>
Package pdftex.def Info: immagini/tecnologie.png used on input line 60.
(pdftex.def)             Requested size: 359.74939pt x 269.81204pt.
 [2 <./immagini/amsi.jpg>] [3 <./immagini/tecnologie.png>] [4] <immagini/agileo
.png, id=309, 451.6875pt x 415.5525pt>
File: immagini/agileo.png Graphic file (type png)

<use immagini/agileo.png>
Package pdftex.def Info: immagini/agileo.png used on input line 89.
(pdftex.def)             Requested size: 293.59338pt x 270.10593pt.


LaTeX Warning: Citation 'http://www.agilemanifesto.org/' on page 5 undefined on
 input line 94.

[5 <./immagini/agileo.png>] <immagini/scrum.png, id=320, 803.0pt x 401.5pt>
File: immagini/scrum.png Graphic file (type png)

<use immagini/scrum.png>
Package pdftex.def Info: immagini/scrum.png used on input line 120.
(pdftex.def)             Requested size: 281.05421pt x 140.5271pt.


LaTeX Warning: `h' float specifier changed to `ht'.

[6]

LaTeX Warning: Citation 'https://www.zendesk.it/' on page 7 undefined on input 
line 135.


LaTeX Warning: Citation 'https://www.atlassian.com/software/jira' on page 7 und
efined on input line 135.

<immagini/jira.png, id=329, 923.45pt x 451.6875pt>
File: immagini/jira.png Graphic file (type png)
 <use immagini/jira.png>
Package pdftex.def Info: immagini/jira.png used on input line 144.
(pdftex.def)             Requested size: 369.37346pt x 180.67178pt.


LaTeX Warning: `h' float specifier changed to `ht'.

[7 <./immagini/scrum.png>]

LaTeX Warning: Citation 'https://git-scm.com/' on page 8 undefined on input lin
e 159.

[8 <./immagini/jira.png (PNG copy)>]
<immagini/strumenti.png, id=347, 1027.84pt x 770.88pt>
File: immagini/strumenti.png Graphic file (type png)

<use immagini/strumenti.png>
Package pdftex.def Info: immagini/strumenti.png used on input line 172.
(pdftex.def)             Requested size: 256.95937pt x 192.71953pt.
) (./capitoli/capitolo-2.tex [9 <./immagini/strumenti.png>] [10

]
Capitolo 2.

Underfull \hbox (badness 10000) in paragraph at lines 10--11

 []

[11] <immagini/tree.png, id=362, 942.52126pt x 608.2725pt>
File: immagini/tree.png Graphic file (type png)

<use immagini/tree.png>
Package pdftex.def Info: immagini/tree.png used on input line 31.
(pdftex.def)             Requested size: 282.75856pt x 182.48315pt.
 [12 <./immagini/tree.png (PNG copy)>]

LaTeX Warning: Citation 'https://github.com/' on page 13 undefined on input lin
e 67.

<immagini/travis.png, id=370, 2330.7075pt x 1454.43375pt>
File: immagini/travis.png Graphic file (type png)

<use immagini/travis.png>
Package pdftex.def Info: immagini/travis.png used on input line 70.
(pdftex.def)             Requested size: 396.21504pt x 247.25046pt.

Overfull \hbox (24.21504pt too wide) in paragraph at lines 70--71
 [][] 
 []

[13]

LaTeX Warning: Citation 'http://astah.net/' on page 14 undefined on input line 
89.


LaTeX Warning: Citation 'http://www.scala-lang.org/' on page 14 undefined on in
put line 92.

[14 <./immagini/travis.png>]
<immagini/play-arch.png, id=390, 563.10374pt x 578.16pt>
File: immagini/play-arch.png Graphic file (type png)

<use immagini/play-arch.png>
Package pdftex.def Info: immagini/play-arch.png used on input line 97.
(pdftex.def)             Requested size: 281.55118pt x 289.07928pt.
 [15 <./immagini/play-arch.png>]

LaTeX Warning: Citation 'http://orientdb.com/' on page 16 undefined on input li
ne 112.

<immagini/graph_orientdb.png, id=405, 429.10312pt x 396.7322pt>
File: immagini/graph_orientdb.png Graphic file (type png)

<use immagini/graph_orientdb.png>
Package pdftex.def Info: immagini/graph_orientdb.png used on input line 126.
(pdftex.def)             Requested size: 257.46385pt x 238.04114pt.
 [16]) (./capitoli/capitolo-3.tex [17 <./immagini/graph_orientdb.png>] [18

]
Capitolo 3.

Underfull \hbox (badness 10000) in paragraph at lines 10--11

 []

<immagini/gantt.png, id=424, 799.98875pt x 395.4775pt>
File: immagini/gantt.png Graphic file (type png)

<use immagini/gantt.png>
Package pdftex.def Info: immagini/gantt.png used on input line 20.
(pdftex.def)             Requested size: 415.99655pt x 205.64948pt.

Overfull \hbox (43.99655pt too wide) in paragraph at lines 20--21
 [][] 
 []

[19 <./immagini/gantt.png (PNG copy)>] [20]
<immagini/distribuzionereqi.png, id=434, 455.45157pt x 255.95625pt>
File: immagini/distribuzionereqi.png Graphic file (type png)

<use immagini/distribuzionereqi.png>
Package pdftex.def Info: immagini/distribuzionereqi.png used on input line 71.
(pdftex.def)             Requested size: 327.92488pt x 184.28835pt.

<immagini/distribuzionereqt.png, id=436, 455.45157pt x 255.95625pt>
File: immagini/distribuzionereqt.png Graphic file (type png)

<use immagini/distribuzionereqt.png>
Package pdftex.def Info: immagini/distribuzionereqt.png used on input line 78.
(pdftex.def)             Requested size: 327.92488pt x 184.28835pt.


LaTeX Warning: `h' float specifier changed to `ht'.

[21 <./immagini/distribuzionereqi.png (PNG copy)>] [22 <./immagini/distribuzion
ereqt.png (PNG copy)>] <immagini/UC0a.png, id=450, 662.475pt x 521.69907pt>
File: immagini/UC0a.png Graphic file (type png)

<use immagini/UC0a.png>
Package pdftex.def Info: immagini/UC0a.png used on input line 127.
(pdftex.def)             Requested size: 278.23761pt x 219.1121pt.
 [23 <./immagini/UC0a.png>]
<immagini/UC1a.png, id=459, 708.39656pt x 521.69907pt>
File: immagini/UC1a.png Graphic file (type png)
 <use immagini/UC1a.png>
Package pdftex.def Info: immagini/UC1a.png used on input line 142.
(pdftex.def)             Requested size: 297.52452pt x 219.1121pt.

[24 <./immagini/UC1a.png>]
<immagini/architetturagenerale.png, id=466, 617.30624pt x 581.17125pt>
File: immagini/architetturagenerale.png Graphic file (type png)

<use immagini/architetturagenerale.png>
Package pdftex.def Info: immagini/architetturagenerale.png used on input line 1
83.
(pdftex.def)             Requested size: 308.65236pt x 290.58492pt.
 [25 <./immagini/architetturagenerale.png>] <immagini/architetturamvc.png, id=4
73, 1019.81pt x 809.0225pt>
File: immagini/architetturamvc.png Graphic file (type png)

<use immagini/architetturamvc.png>
Package pdftex.def Info: immagini/architetturamvc.png used on input line 193.
(pdftex.def)             Requested size: 356.93884pt x 283.16212pt.
 [26 <./immagini/architetturamvc.png>]
<immagini/controllers.png, id=479, 796.9775pt x 329.23pt>
File: immagini/controllers.png Graphic file (type png)

<use immagini/controllers.png>
Package pdftex.def Info: immagini/controllers.png used on input line 202.
(pdftex.def)             Requested size: 278.94629pt x 115.23222pt.

<immagini/models.png, id=480, 1106.1325pt x 578.16pt>
File: immagini/models.png Graphic file (type png)

<use immagini/models.png>
Package pdftex.def Info: immagini/models.png used on input line 210.
(pdftex.def)             Requested size: 331.84232pt x 173.44933pt.

<immagini/commons.png, id=481, 627.34375pt x 574.145pt>
File: immagini/commons.png Graphic file (type png)

<use immagini/commons.png>
Package pdftex.def Info: immagini/commons.png used on input line 223.
(pdftex.def)             Requested size: 175.65504pt x 160.7595pt.
 [27 <./immagini/controllers.png> <./immagini/models.png>]

LaTeX Warning: Citation 'https://github.com/tinkerpop/blueprints' on page 28 un
defined on input line 228.


LaTeX Warning: Citation 'http://tinkerpop.incubator.apache.org/' on page 28 und
efined on input line 228.

<immagini/storage.png, id=497, 812.03375pt x 603.25375pt>
File: immagini/storage.png Graphic file (type png)

<use immagini/storage.png>
Package pdftex.def Info: immagini/storage.png used on input line 231.
(pdftex.def)             Requested size: 227.36789pt x 168.9099pt.
 [28 <./immagini/commons.png> <./immagini/storage.png>] <immagini/algorithm.png
, id=508, 876.27374pt x 559.08875pt>
File: immagini/algorithm.png Graphic file (type png)

<use immagini/algorithm.png>
Package pdftex.def Info: immagini/algorithm.png used on input line 240.
(pdftex.def)             Requested size: 262.88414pt x 167.7279pt.
 [29 <./immagini/algorithm.png>]
<immagini/databaseschema.png, id=517, 781.92125pt x 139.52126pt>
File: immagini/databaseschema.png Graphic file (type png)

<use immagini/databaseschema.png>
Package pdftex.def Info: immagini/databaseschema.png used on input line 255.
(pdftex.def)             Requested size: 390.95967pt x 69.76045pt.

Overfull \hbox (18.95967pt too wide) in paragraph at lines 255--256
 [][] 
 []

[30 <./immagini/databaseschema.png>]
<immagini/mvc.png, id=524, 980.66376pt x 655.44875pt>
File: immagini/mvc.png Graphic file (type png)
 <use immagini/mvc.png>
Package pdftex.def Info: immagini/mvc.png used on input line 278.
(pdftex.def)             Requested size: 196.12927pt x 131.08742pt.
File: immagini/storage.png Graphic file (type png)

<use immagini/storage.png>
Package pdftex.def Info: immagini/storage.png used on input line 289.
(pdftex.def)             Requested size: 162.40387pt x 120.6486pt.
 [31 <./immagini/mvc.png>]
File: immagini/algorithm.png Graphic file (type png)

<use immagini/algorithm.png>
Package pdftex.def Info: immagini/algorithm.png used on input line 300.
(pdftex.def)             Requested size: 262.88414pt x 167.7279pt.
 [32]
<immagini/singleton.png, id=543, 412.54124pt x 280.79906pt>
File: immagini/singleton.png Graphic file (type png)

<use immagini/singleton.png>
Package pdftex.def Info: immagini/singleton.png used on input line 312.
(pdftex.def)             Requested size: 206.27011pt x 140.39919pt.
 [33 <./immagini/singleton.png>]
Underfull \hbox (badness 10000) in paragraph at lines 329--331

 []


Underfull \vbox (badness 10000) detected at line 335
 []

<immagini/DScheckstate.png, id=551, 548.0475pt x 380.92313pt>
File: immagini/DScheckstate.png Graphic file (type png)

<use immagini/DScheckstate.png>
Package pdftex.def Info: immagini/DScheckstate.png used on input line 338.
(pdftex.def)             Requested size: 235.65582pt x 163.79375pt.
 [34 <./immagini/DScheckstate.png>]
Underfull \vbox (badness 10000) detected at line 351
 []

<immagini/DSinsertBeh.png, id=558, 523.9575pt x 380.92313pt>
File: immagini/DSinsertBeh.png Graphic file (type png)

<use immagini/DSinsertBeh.png>
Package pdftex.def Info: immagini/DSinsertBeh.png used on input line 354.
(pdftex.def)             Requested size: 220.06065pt x 159.98662pt.

Underfull \vbox (badness 10000) detected at line 368
 []

<immagini/DSracommandazione.png, id=559, 612.78937pt x 380.92313pt>
File: immagini/DSracommandazione.png Graphic file (type png)

<use immagini/DSracommandazione.png>
Package pdftex.def Info: immagini/DSracommandazione.png used on input line 371.

(pdftex.def)             Requested size: 257.36978pt x 159.98662pt.


LaTeX Warning: `h' float specifier changed to `ht'.

[35 <./immagini/DSinsertBeh.png>] [36 <./immagini/DSracommandazione.png>]
[37] [38] <immagini/flux.png, id=587, 408.52625pt x 988.69376pt>
File: immagini/flux.png Graphic file (type png)

<use immagini/flux.png>
Package pdftex.def Info: immagini/flux.png used on input line 462.
(pdftex.def)             Requested size: 171.57985pt x 415.24855pt.
 [39 <./immagini/flux.png>]
Underfull \hbox (badness 10000) in paragraph at lines 467--468

 []

LaTeX Font Info:    Try loading font information for T1+cmtt on input line 472.

(/usr/share/texlive/texmf-dist/tex/latex/base/t1cmtt.fd
File: t1cmtt.fd 2014/09/29 v2.5h Standard LaTeX font definitions
)
Package microtype Info: Loading generic settings for font family
(microtype)             `cmtt' (encoding: T1).
(microtype)             For optimal results, create family-specific settings.
(microtype)             See the microtype manual for details.
 [40])
(./capitoli/capitolo-4.tex [41] [42

]
Capitolo 4.
<immagini/graficorequisiti.png, id=679, 455.45157pt x 255.95625pt>
File: immagini/graficorequisiti.png Graphic file (type png)

<use immagini/graficorequisiti.png>
Package pdftex.def Info: immagini/graficorequisiti.png used on input line 22.
(pdftex.def)             Requested size: 282.37704pt x 158.69122pt.
 [43 <./immagini/graficorequisiti.png (PNG copy)>]

LaTeX Warning: Citation 'https://www.coursera.org/course/progfun' on page 44 un
defined on input line 41.


LaTeX Warning: Citation 'http://lampwww.epfl.ch/~odersky/' on page 44 undefined
 on input line 41.

[44]

LaTeX Warning: Citation 'https://www.udemy.com/orientdb-getting-started/' on pa
ge 45 undefined on input line 45.

[45]) [46] (./tesi.gls [47



]) (./tesi.acr [48]) (./inizio-fine/bibliografia.tex
[49


] [50

]

LaTeX Warning: Empty bibliography on input line 16.


LaTeX Warning: Empty bibliography on input line 16.

) [51

]
Package atveryend Info: Empty hook `BeforeClearDocument' on input line 128.
Package atveryend Info: Empty hook `AfterLastShipout' on input line 128.
 (./tesi.aux)
Package atveryend Info: Executing hook `AtVeryEndDocument' on input line 128.
Package atveryend Info: Empty hook `AtEndAfterFileList' on input line 128.


LaTeX Warning: There were undefined references.


Package biblatex Warning: Please (re)run Biber on the file:
(biblatex)                tesi
(biblatex)                and rerun LaTeX afterwards.

Package logreq Info: Writing requests to 'tesi.run.xml'.
\openout1 = `tesi.run.xml'.

 ) 
Here is how much of TeX's memory you used:
 24121 strings out of 493085
 381217 string characters out of 6136916
 992672 words of memory out of 5000000
 26557 multiletter control sequences out of 15000+600000
 37763 words of font info for 163 fonts, out of 8000000 for 9000
 1143 hyphenation exceptions out of 8191
 61i,8n,122p,1962b,1442s stack positions out of 5000i,500n,10000p,200000b,80000s
{/usr/share/texmf/fonts/enc/dvips/cm-super/cm-super-t1.enc}</usr/share/texliv
e/texmf-dist/fonts/type1/public/amsfonts/cm/cmsy10.pfb></usr/share/texmf/fonts/
type1/public/cm-super/sfbx0800.pfb></usr/share/texmf/fonts/type1/public/cm-supe
r/sfbx0900.pfb></usr/share/texmf/fonts/type1/public/cm-super/sfbx1000.pfb></usr
/share/texmf/fonts/type1/public/cm-super/sfbx1200.pfb></usr/share/texmf/fonts/t
ype1/public/cm-super/sfbx1440.pfb></usr/share/texmf/fonts/type1/public/cm-super
/sfbx1728.pfb></usr/share/texmf/fonts/type1/public/cm-super/sfbx2074.pfb></usr/
share/texmf/fonts/type1/public/cm-super/sfbx2488.pfb></usr/share/texmf/fonts/ty
pe1/public/cm-super/sfcc1000.pfb></usr/share/texmf/fonts/type1/public/cm-super/
sfcc1200.pfb></usr/share/texmf/fonts/type1/public/cm-super/sfcc1440.pfb></usr/s
hare/texmf/fonts/type1/public/cm-super/sfrm0600.pfb></usr/share/texmf/fonts/typ
e1/public/cm-super/sfrm0700.pfb></usr/share/texmf/fonts/type1/public/cm-super/s
frm0800.pfb></usr/share/texmf/fonts/type1/public/cm-super/sfrm0900.pfb></usr/sh
are/texmf/fonts/type1/public/cm-super/sfrm1000.pfb></usr/share/texmf/fonts/type
1/public/cm-super/sfrm1200.pfb></usr/share/texmf/fonts/type1/public/cm-super/sf
si1000.pfb></usr/share/texmf/fonts/type1/public/cm-super/sfsl1000.pfb></usr/sha
re/texmf/fonts/type1/public/cm-super/sfsl1200.pfb></usr/share/texmf/fonts/type1
/public/cm-super/sfss1000.pfb></usr/share/texmf/fonts/type1/public/cm-super/sft
i0900.pfb></usr/share/texmf/fonts/type1/public/cm-super/sfti1000.pfb></usr/shar
e/texmf/fonts/type1/public/cm-super/sfti1200.pfb></usr/share/texmf/fonts/type1/
public/cm-super/sftt0800.pfb>
Output written on tesi.pdf (61 pages, 4929262 bytes).
PDF statistics:
 1123 PDF objects out of 1200 (max. 8388607)
 954 compressed objects within 10 object streams
 297 named destinations out of 1000 (max. 500000)
 41569 words of extra memory for PDF output out of 42996 (max. 10000000)

